<?xml version="1.0" encoding="UTF-8"?>
<testng-results skipped="0" failed="0" ignored="0" total="2" passed="2">
  <reporter-output>
  </reporter-output>
  <suite name="Parameterization test suite" duration-ms="222" started-at="2017-04-18T13:15:04Z" finished-at="2017-04-18T13:15:04Z">
    <groups>
    </groups>
    <test name="Testing Parameterization " duration-ms="222" started-at="2017-04-18T13:15:04Z" finished-at="2017-04-18T13:15:04Z">
      <class name="testNGParameter.TestParameters">
        <test-method status="PASS" signature="testCaseOne(java.lang.String)[pri:0, instance:testNGParameter.TestParameters@4cc0edeb]" name="testCaseOne" duration-ms="63" started-at="2017-04-18T18:45:04Z" finished-at="2017-04-18T18:45:04Z">
          <params>
            <param index="0">
              <value>
                <![CDATA[Firefox]]>
              </value>
            </param>
          </params>
          <reporter-output>
          </reporter-output>
        </test-method> <!-- testCaseOne -->
        <test-method status="PASS" signature="testCaseTwo(java.lang.String, java.lang.String)[pri:0, instance:testNGParameter.TestParameters@4cc0edeb]" name="testCaseTwo" duration-ms="3" started-at="2017-04-18T18:45:04Z" finished-at="2017-04-18T18:45:04Z">
          <params>
            <param index="0">
              <value>
                <![CDATA[Vineet689]]>
              </value>
            </param>
            <param index="1">
              <value>
                <![CDATA[testing00123]]>
              </value>
            </param>
          </params>
          <reporter-output>
          </reporter-output>
        </test-method> <!-- testCaseTwo -->
      </class> <!-- testNGParameter.TestParameters -->
    </test> <!-- Testing Parameterization  -->
  </suite> <!-- Parameterization test suite -->
</testng-results>
